2026-04-30 18:35:49,697 - aqt.main - INFO - installer 17964 aqtinstall(aqt) v3.3.0 on Python 3.10.6 [CPython MSC v.1932 64 bit (AMD64)]
2026-04-30 18:35:49,697 - aqt.helper - DEBUG - helper 17964 Attempt to download checksum at https://download.qt.io/online/qtsdkrepository/windows_x86/desktop/qt6_663/Updates.xml.sha256
2026-04-30 18:35:50,792 - aqt.main - ERROR - installer 17964 The packages ['qt_base', 'qtmultimedia', 'qtquickcontrols2'] were not found while parsing XML of package information!
==============================Suggested follow-up:==============================
* Please use 'aqt list-qt windows desktop --arch 6.6.3' to show architectures available.
* Please use 'aqt list-qt windows desktop --modules 6.6.3 <arch>' to show modules available.
2026-04-30 18:35:57,101 - aqt.helper - DEBUG - helper 27972 Attempt to download checksum at https://download.qt.io/online/qtsdkrepository/windows_x86/desktop/qt6_663/Updates.xml.sha256
2026-04-30 18:35:58,222 - aqt.main - ERROR - installer 27972 No modules available for this request.
==============================Suggested follow-up:==============================
* Please use 'aqt list-qt windows desktop' to show versions of Qt available.
* Please use 'aqt list-qt windows desktop --arch <QT_VERSION>' to list valid architectures.
2026-04-30 18:36:03,874 - aqt.helper - DEBUG - helper 23576 Attempt to download checksum at https://download.qt.io/online/qtsdkrepository/windows_x86/desktop/qt6_663/Updates.xml.sha256
2026-04-30 18:36:04,972 - aqt.helper - DEBUG - helper 23576 Attempt to download checksum at https://download.qt.io/online/qtsdkrepository/windows_x86/desktop/qt6_663_wasm_singlethread/Updates.xml.sha256
2026-04-30 18:36:05,869 - aqt.helper - DEBUG - helper 23576 Attempt to download checksum at https://download.qt.io/online/qtsdkrepository/windows_x86/desktop/qt6_663_wasm_multithread/Updates.xml.sha256
2026-04-30 18:36:20,983 - aqt.helper - DEBUG - helper 21268 Attempt to download checksum at https://download.qt.io/online/qtsdkrepository/windows_x86/desktop/qt6_663/Updates.xml.sha256
2026-04-30 18:36:29,152 - aqt.main - INFO - installer 27504 aqtinstall(aqt) v3.3.0 on Python 3.10.6 [CPython MSC v.1932 64 bit (AMD64)]
2026-04-30 18:36:29,153 - aqt.helper - DEBUG - helper 27504 Attempt to download checksum at https://download.qt.io/online/qtsdkrepository/windows_x86/desktop/qt6_663/Updates.xml.sha256
2026-04-30 18:36:30,250 - aqt.main - ERROR - installer 27504 The packages ['qtquickcontrols2'] were not found while parsing XML of package information!
==============================Suggested follow-up:==============================
* Please use 'aqt list-qt windows desktop --modules 6.6.3 <arch>' to show modules available.
2026-04-30 18:36:36,767 - aqt.main - INFO - installer 7228 aqtinstall(aqt) v3.3.0 on Python 3.10.6 [CPython MSC v.1932 64 bit (AMD64)]
2026-04-30 18:36:36,767 - aqt.helper - DEBUG - helper 7228 Attempt to download checksum at https://download.qt.io/online/qtsdkrepository/windows_x86/desktop/qt6_663/Updates.xml.sha256
2026-04-30 18:36:38,230 - aqt.helper - DEBUG - helper 18552 Attempt to download checksum at https://download.qt.io/online/qtsdkrepository/windows_x86/desktop/qt6_663/qt.qt6.663.win64_msvc2019_64/6.6.3-0-202403191840qtbase-Windows-Windows_10_22H2-MSVC2019-Windows-Windows_10_22H2-X86_64.7z.sha256
2026-04-30 18:36:38,230 - aqt.helper - DEBUG - helper 12312 Attempt to download checksum at https://download.qt.io/online/qtsdkrepository/windows_x86/desktop/qt6_663/qt.qt6.663.addons.qtmultimedia.win64_msvc2019_64/6.6.3-0-202403191840qtmultimedia-Windows-Windows_10_22H2-MSVC2019-Windows-Windows_10_22H2-X86_64.7z.sha256
2026-04-30 18:36:38,232 - aqt.helper - DEBUG - helper 23336 Attempt to download checksum at https://download.qt.io/online/qtsdkrepository/windows_x86/desktop/qt6_663/qt.qt6.663.win64_msvc2019_64/6.6.3-0-202403191840qtsvg-Windows-Windows_10_22H2-MSVC2019-Windows-Windows_10_22H2-X86_64.7z.sha256
2026-04-30 18:36:38,235 - aqt.helper - DEBUG - helper 14216 Attempt to download checksum at https://download.qt.io/online/qtsdkrepository/windows_x86/desktop/qt6_663/qt.qt6.663.win64_msvc2019_64/6.6.3-0-202403191840qtdeclarative-Windows-Windows_10_22H2-MSVC2019-Windows-Windows_10_22H2-X86_64.7z.sha256
2026-04-30 18:36:38,691 - aqt.helper - INFO - helper 18552 Downloading qtbase...
2026-04-30 18:36:38,692 - aqt.helper - INFO - helper 14216 Downloading qtdeclarative...
2026-04-30 18:36:38,693 - aqt.helper - INFO - helper 12312 Downloading qtmultimedia...
2026-04-30 18:36:38,692 - aqt.installer - DEBUG - installer 18552 Download URL: https://download.qt.io/online/qtsdkrepository/windows_x86/desktop/qt6_663/qt.qt6.663.win64_msvc2019_64/6.6.3-0-202403191840qtbase-Windows-Windows_10_22H2-MSVC2019-Windows-Windows_10_22H2-X86_64.7z
2026-04-30 18:36:38,692 - aqt.installer - DEBUG - installer 14216 Download URL: https://download.qt.io/online/qtsdkrepository/windows_x86/desktop/qt6_663/qt.qt6.663.win64_msvc2019_64/6.6.3-0-202403191840qtdeclarative-Windows-Windows_10_22H2-MSVC2019-Windows-Windows_10_22H2-X86_64.7z
2026-04-30 18:36:38,693 - aqt.installer - DEBUG - installer 12312 Download URL: https://download.qt.io/online/qtsdkrepository/windows_x86/desktop/qt6_663/qt.qt6.663.addons.qtmultimedia.win64_msvc2019_64/6.6.3-0-202403191840qtmultimedia-Windows-Windows_10_22H2-MSVC2019-Windows-Windows_10_22H2-X86_64.7z
2026-04-30 18:36:38,702 - aqt.helper - INFO - helper 23336 Downloading qtsvg...
2026-04-30 18:36:38,702 - aqt.installer - DEBUG - installer 23336 Download URL: https://download.qt.io/online/qtsdkrepository/windows_x86/desktop/qt6_663/qt.qt6.663.win64_msvc2019_64/6.6.3-0-202403191840qtsvg-Windows-Windows_10_22H2-MSVC2019-Windows-Windows_10_22H2-X86_64.7z
2026-04-30 18:36:39,121 - aqt.helper - DEBUG - helper 12312 Asked to redirect(302) to: https://www.nic.funet.fi/pub/mirrors/download.qt-project.org/online/qtsdkrepository/windows_x86/desktop/qt6_663/qt.qt6.663.addons.qtmultimedia.win64_msvc2019_64/6.6.3-0-202403191840qtmultimedia-Windows-Windows_10_22H2-MSVC2019-Windows-Windows_10_22H2-X86_64.7z
2026-04-30 18:36:39,121 - aqt.helper - INFO - helper 12312 Redirected: www.nic.funet.fi
2026-04-30 18:36:39,135 - aqt.helper - DEBUG - helper 23336 Asked to redirect(302) to: https://www.nic.funet.fi/pub/mirrors/download.qt-project.org/online/qtsdkrepository/windows_x86/desktop/qt6_663/qt.qt6.663.win64_msvc2019_64/6.6.3-0-202403191840qtsvg-Windows-Windows_10_22H2-MSVC2019-Windows-Windows_10_22H2-X86_64.7z
2026-04-30 18:36:39,135 - aqt.helper - INFO - helper 23336 Redirected: www.nic.funet.fi
2026-04-30 18:36:39,135 - aqt.helper - DEBUG - helper 18552 Asked to redirect(302) to: https://www.nic.funet.fi/pub/mirrors/download.qt-project.org/online/qtsdkrepository/windows_x86/desktop/qt6_663/qt.qt6.663.win64_msvc2019_64/6.6.3-0-202403191840qtbase-Windows-Windows_10_22H2-MSVC2019-Windows-Windows_10_22H2-X86_64.7z
2026-04-30 18:36:39,135 - aqt.helper - INFO - helper 18552 Redirected: www.nic.funet.fi
2026-04-30 18:36:39,135 - aqt.helper - DEBUG - helper 14216 Asked to redirect(302) to: https://www.nic.funet.fi/pub/mirrors/download.qt-project.org/online/qtsdkrepository/windows_x86/desktop/qt6_663/qt.qt6.663.win64_msvc2019_64/6.6.3-0-202403191840qtdeclarative-Windows-Windows_10_22H2-MSVC2019-Windows-Windows_10_22H2-X86_64.7z
2026-04-30 18:36:39,135 - aqt.helper - INFO - helper 14216 Redirected: www.nic.funet.fi
2026-04-30 18:36:41,511 - aqt.installer - INFO - installer 23336 Finished installation of qtsvg-Windows-Windows_10_22H2-MSVC2019-Windows-Windows_10_22H2-X86_64.7z in 3.28082450
2026-04-30 18:36:41,522 - aqt.helper - DEBUG - helper 23336 Attempt to download checksum at https://download.qt.io/online/qtsdkrepository/windows_x86/desktop/qt6_663/qt.qt6.663.win64_msvc2019_64/6.6.3-0-202403191840qttools-Windows-Windows_10_22H2-MSVC2019-Windows-Windows_10_22H2-X86_64.7z.sha256
2026-04-30 18:36:42,016 - aqt.helper - INFO - helper 23336 Downloading qttools...
2026-04-30 18:36:42,017 - aqt.installer - DEBUG - installer 23336 Download URL: https://download.qt.io/online/qtsdkrepository/windows_x86/desktop/qt6_663/qt.qt6.663.win64_msvc2019_64/6.6.3-0-202403191840qttools-Windows-Windows_10_22H2-MSVC2019-Windows-Windows_10_22H2-X86_64.7z
2026-04-30 18:36:42,439 - aqt.helper - DEBUG - helper 23336 Asked to redirect(302) to: https://www.nic.funet.fi/pub/mirrors/download.qt-project.org/online/qtsdkrepository/windows_x86/desktop/qt6_663/qt.qt6.663.win64_msvc2019_64/6.6.3-0-202403191840qttools-Windows-Windows_10_22H2-MSVC2019-Windows-Windows_10_22H2-X86_64.7z
2026-04-30 18:36:42,439 - aqt.helper - INFO - helper 23336 Redirected: www.nic.funet.fi
2026-04-30 18:37:01,535 - aqt.installer - INFO - installer 12312 Finished installation of qtmultimedia-Windows-Windows_10_22H2-MSVC2019-Windows-Windows_10_22H2-X86_64.7z in 23.30712270
2026-04-30 18:37:01,549 - aqt.helper - DEBUG - helper 12312 Attempt to download checksum at https://download.qt.io/online/qtsdkrepository/windows_x86/desktop/qt6_663/qt.qt6.663.win64_msvc2019_64/6.6.3-0-202403191840qttranslations-Windows-Windows_10_22H2-MSVC2019-Windows-Windows_10_22H2-X86_64.7z.sha256
2026-04-30 18:37:02,058 - aqt.helper - INFO - helper 12312 Downloading qttranslations...
2026-04-30 18:37:02,059 - aqt.installer - DEBUG - installer 12312 Download URL: https://download.qt.io/online/qtsdkrepository/windows_x86/desktop/qt6_663/qt.qt6.663.win64_msvc2019_64/6.6.3-0-202403191840qttranslations-Windows-Windows_10_22H2-MSVC2019-Windows-Windows_10_22H2-X86_64.7z
2026-04-30 18:37:02,538 - aqt.helper - DEBUG - helper 12312 Asked to redirect(302) to: https://www.nic.funet.fi/pub/mirrors/download.qt-project.org/online/qtsdkrepository/windows_x86/desktop/qt6_663/qt.qt6.663.win64_msvc2019_64/6.6.3-0-202403191840qttranslations-Windows-Windows_10_22H2-MSVC2019-Windows-Windows_10_22H2-X86_64.7z
2026-04-30 18:37:02,538 - aqt.helper - INFO - helper 12312 Redirected: www.nic.funet.fi
2026-04-30 18:37:05,934 - aqt.installer - INFO - installer 12312 Finished installation of qttranslations-Windows-Windows_10_22H2-MSVC2019-Windows-Windows_10_22H2-X86_64.7z in 4.38697510
2026-04-30 18:37:05,943 - aqt.helper - DEBUG - helper 12312 Attempt to download checksum at https://download.qt.io/online/qtsdkrepository/windows_x86/desktop/qt6_663/qt.qt6.663.win64_msvc2019_64/6.6.3-0-202403191840d3dcompiler_47-x64.7z.sha256
2026-04-30 18:37:06,368 - aqt.helper - INFO - helper 12312 Downloading d3dcompiler_47...
2026-04-30 18:37:06,369 - aqt.installer - DEBUG - installer 12312 Download URL: https://download.qt.io/online/qtsdkrepository/windows_x86/desktop/qt6_663/qt.qt6.663.win64_msvc2019_64/6.6.3-0-202403191840d3dcompiler_47-x64.7z
2026-04-30 18:37:06,820 - aqt.helper - DEBUG - helper 12312 Asked to redirect(302) to: https://www.nic.funet.fi/pub/mirrors/download.qt-project.org/online/qtsdkrepository/windows_x86/desktop/qt6_663/qt.qt6.663.win64_msvc2019_64/6.6.3-0-202403191840d3dcompiler_47-x64.7z
2026-04-30 18:37:06,820 - aqt.helper - INFO - helper 12312 Redirected: www.nic.funet.fi
2026-04-30 18:37:08,774 - aqt.installer - INFO - installer 12312 Finished installation of d3dcompiler_47-x64.7z in 2.83251590
2026-04-30 18:37:08,785 - aqt.helper - DEBUG - helper 12312 Attempt to download checksum at https://download.qt.io/online/qtsdkrepository/windows_x86/desktop/qt6_663/qt.qt6.663.win64_msvc2019_64/6.6.3-0-202403191840opengl32sw-64-mesa_11_2_2-signed_sha256.7z.sha256
2026-04-30 18:37:09,287 - aqt.helper - INFO - helper 12312 Downloading opengl32sw...
2026-04-30 18:37:09,287 - aqt.installer - DEBUG - installer 12312 Download URL: https://download.qt.io/online/qtsdkrepository/windows_x86/desktop/qt6_663/qt.qt6.663.win64_msvc2019_64/6.6.3-0-202403191840opengl32sw-64-mesa_11_2_2-signed_sha256.7z
2026-04-30 18:37:09,729 - aqt.helper - DEBUG - helper 12312 Asked to redirect(302) to: https://www.nic.funet.fi/pub/mirrors/download.qt-project.org/online/qtsdkrepository/windows_x86/desktop/qt6_663/qt.qt6.663.win64_msvc2019_64/6.6.3-0-202403191840opengl32sw-64-mesa_11_2_2-signed_sha256.7z
2026-04-30 18:37:09,729 - aqt.helper - INFO - helper 12312 Redirected: www.nic.funet.fi
2026-04-30 18:37:24,188 - aqt.installer - INFO - installer 12312 Finished installation of opengl32sw-64-mesa_11_2_2-signed_sha256.7z in 15.40623180
2026-04-30 18:37:29,466 - aqt.installer - INFO - installer 23336 Finished installation of qttools-Windows-Windows_10_22H2-MSVC2019-Windows-Windows_10_22H2-X86_64.7z in 47.94648290
2026-04-30 18:37:43,960 - aqt.installer - INFO - installer 18552 Finished installation of qtbase-Windows-Windows_10_22H2-MSVC2019-Windows-Windows_10_22H2-X86_64.7z in 65.73105050
2026-04-30 18:38:56,953 - aqt.installer - INFO - installer 14216 Finished installation of qtdeclarative-Windows-Windows_10_22H2-MSVC2019-Windows-Windows_10_22H2-X86_64.7z in 138.71942340
2026-04-30 18:38:57,233 - aqt.updater - INFO - updater 7228 Patching C:\Qt\6.6.3\msvc2019_64\bin\qmake.exe
2026-04-30 18:38:57,238 - aqt.updater - INFO - updater 7228 Patching C:\Qt\6.6.3\msvc2019_64\lib\Qt6Concurrent.prl
2026-04-30 18:38:57,247 - aqt.updater - INFO - updater 7228 Patching C:\Qt\6.6.3\msvc2019_64\lib\Qt6Concurrentd.prl
2026-04-30 18:38:57,257 - aqt.updater - INFO - updater 7228 Patching C:\Qt\6.6.3\msvc2019_64\lib\Qt6Core.prl
2026-04-30 18:38:57,267 - aqt.updater - INFO - updater 7228 Patching C:\Qt\6.6.3\msvc2019_64\lib\Qt6Cored.prl
2026-04-30 18:38:57,277 - aqt.updater - INFO - updater 7228 Patching C:\Qt\6.6.3\msvc2019_64\lib\Qt6DBus.prl
2026-04-30 18:38:57,285 - aqt.updater - INFO - updater 7228 Patching C:\Qt\6.6.3\msvc2019_64\lib\Qt6DBusd.prl
2026-04-30 18:38:57,294 - aqt.updater - INFO - updater 7228 Patching C:\Qt\6.6.3\msvc2019_64\lib\Qt6Designer.prl
2026-04-30 18:38:57,303 - aqt.updater - INFO - updater 7228 Patching C:\Qt\6.6.3\msvc2019_64\lib\Qt6DesignerComponents.prl
2026-04-30 18:38:57,312 - aqt.updater - INFO - updater 7228 Patching C:\Qt\6.6.3\msvc2019_64\lib\Qt6DesignerComponentsd.prl
2026-04-30 18:38:57,322 - aqt.updater - INFO - updater 7228 Patching C:\Qt\6.6.3\msvc2019_64\lib\Qt6Designerd.prl
2026-04-30 18:38:57,333 - aqt.updater - INFO - updater 7228 Patching C:\Qt\6.6.3\msvc2019_64\lib\Qt6DeviceDiscoverySupport.prl
2026-04-30 18:38:57,344 - aqt.updater - INFO - updater 7228 Patching C:\Qt\6.6.3\msvc2019_64\lib\Qt6DeviceDiscoverySupportd.prl
2026-04-30 18:38:57,353 - aqt.updater - INFO - updater 7228 Patching C:\Qt\6.6.3\msvc2019_64\lib\Qt6EntryPoint.prl
2026-04-30 18:38:57,363 - aqt.updater - INFO - updater 7228 Patching C:\Qt\6.6.3\msvc2019_64\lib\Qt6EntryPointd.prl
2026-04-30 18:38:57,374 - aqt.updater - INFO - updater 7228 Patching C:\Qt\6.6.3\msvc2019_64\lib\Qt6ExampleIcons.prl
2026-04-30 18:38:57,385 - aqt.updater - INFO - updater 7228 Patching C:\Qt\6.6.3\msvc2019_64\lib\Qt6ExampleIconsd.prl
2026-04-30 18:38:57,396 - aqt.updater - INFO - updater 7228 Patching C:\Qt\6.6.3\msvc2019_64\lib\Qt6FbSupport.prl
2026-04-30 18:38:57,406 - aqt.updater - INFO - updater 7228 Patching C:\Qt\6.6.3\msvc2019_64\lib\Qt6FbSupportd.prl
2026-04-30 18:38:57,416 - aqt.updater - INFO - updater 7228 Patching C:\Qt\6.6.3\msvc2019_64\lib\Qt6Gui.prl
2026-04-30 18:38:57,425 - aqt.updater - INFO - updater 7228 Patching C:\Qt\6.6.3\msvc2019_64\lib\Qt6Guid.prl
2026-04-30 18:38:57,435 - aqt.updater - INFO - updater 7228 Patching C:\Qt\6.6.3\msvc2019_64\lib\Qt6Help.prl
2026-04-30 18:38:57,445 - aqt.updater - INFO - updater 7228 Patching C:\Qt\6.6.3\msvc2019_64\lib\Qt6Helpd.prl
2026-04-30 18:38:57,455 - aqt.updater - INFO - updater 7228 Patching C:\Qt\6.6.3\msvc2019_64\lib\Qt6LabsAnimation.prl
2026-04-30 18:38:57,466 - aqt.updater - INFO - updater 7228 Patching C:\Qt\6.6.3\msvc2019_64\lib\Qt6LabsAnimationd.prl
2026-04-30 18:38:57,479 - aqt.updater - INFO - updater 7228 Patching C:\Qt\6.6.3\msvc2019_64\lib\Qt6LabsFolderListModel.prl
2026-04-30 18:38:57,492 - aqt.updater - INFO - updater 7228 Patching C:\Qt\6.6.3\msvc2019_64\lib\Qt6LabsFolderListModeld.prl
2026-04-30 18:38:57,505 - aqt.updater - INFO - updater 7228 Patching C:\Qt\6.6.3\msvc2019_64\lib\Qt6LabsQmlModels.prl
2026-04-30 18:38:57,519 - aqt.updater - INFO - updater 7228 Patching C:\Qt\6.6.3\msvc2019_64\lib\Qt6LabsQmlModelsd.prl
2026-04-30 18:38:57,529 - aqt.updater - INFO - updater 7228 Patching C:\Qt\6.6.3\msvc2019_64\lib\Qt6LabsSettings.prl
2026-04-30 18:38:57,540 - aqt.updater - INFO - updater 7228 Patching C:\Qt\6.6.3\msvc2019_64\lib\Qt6LabsSettingsd.prl
2026-04-30 18:38:57,552 - aqt.updater - INFO - updater 7228 Patching C:\Qt\6.6.3\msvc2019_64\lib\Qt6LabsSharedImage.prl
2026-04-30 18:38:57,566 - aqt.updater - INFO - updater 7228 Patching C:\Qt\6.6.3\msvc2019_64\lib\Qt6LabsSharedImaged.prl
2026-04-30 18:38:57,580 - aqt.updater - INFO - updater 7228 Patching C:\Qt\6.6.3\msvc2019_64\lib\Qt6LabsWavefrontMesh.prl
2026-04-30 18:38:57,593 - aqt.updater - INFO - updater 7228 Patching C:\Qt\6.6.3\msvc2019_64\lib\Qt6LabsWavefrontMeshd.prl
2026-04-30 18:38:57,603 - aqt.updater - INFO - updater 7228 Patching C:\Qt\6.6.3\msvc2019_64\lib\Qt6Multimedia.prl
2026-04-30 18:38:57,613 - aqt.updater - INFO - updater 7228 Patching C:\Qt\6.6.3\msvc2019_64\lib\Qt6Multimediad.prl
2026-04-30 18:38:57,623 - aqt.updater - INFO - updater 7228 Patching C:\Qt\6.6.3\msvc2019_64\lib\Qt6MultimediaQuick.prl
2026-04-30 18:38:57,633 - aqt.updater - INFO - updater 7228 Patching C:\Qt\6.6.3\msvc2019_64\lib\Qt6MultimediaQuickd.prl
2026-04-30 18:38:57,645 - aqt.updater - INFO - updater 7228 Patching C:\Qt\6.6.3\msvc2019_64\lib\Qt6MultimediaWidgets.prl
2026-04-30 18:38:57,655 - aqt.updater - INFO - updater 7228 Patching C:\Qt\6.6.3\msvc2019_64\lib\Qt6MultimediaWidgetsd.prl
2026-04-30 18:38:57,670 - aqt.updater - INFO - updater 7228 Patching C:\Qt\6.6.3\msvc2019_64\lib\Qt6Network.prl
2026-04-30 18:38:57,686 - aqt.updater - INFO - updater 7228 Patching C:\Qt\6.6.3\msvc2019_64\lib\Qt6Networkd.prl
2026-04-30 18:38:57,703 - aqt.updater - INFO - updater 7228 Patching C:\Qt\6.6.3\msvc2019_64\lib\Qt6OpenGL.prl
2026-04-30 18:38:57,715 - aqt.updater - INFO - updater 7228 Patching C:\Qt\6.6.3\msvc2019_64\lib\Qt6OpenGLd.prl
2026-04-30 18:38:57,729 - aqt.updater - INFO - updater 7228 Patching C:\Qt\6.6.3\msvc2019_64\lib\Qt6OpenGLWidgets.prl
2026-04-30 18:38:57,742 - aqt.updater - INFO - updater 7228 Patching C:\Qt\6.6.3\msvc2019_64\lib\Qt6OpenGLWidgetsd.prl
2026-04-30 18:38:57,755 - aqt.updater - INFO - updater 7228 Patching C:\Qt\6.6.3\msvc2019_64\lib\Qt6PacketProtocol.prl
2026-04-30 18:38:57,767 - aqt.updater - INFO - updater 7228 Patching C:\Qt\6.6.3\msvc2019_64\lib\Qt6PacketProtocold.prl
2026-04-30 18:38:57,778 - aqt.updater - INFO - updater 7228 Patching C:\Qt\6.6.3\msvc2019_64\lib\Qt6PrintSupport.prl
2026-04-30 18:38:57,793 - aqt.updater - INFO - updater 7228 Patching C:\Qt\6.6.3\msvc2019_64\lib\Qt6PrintSupportd.prl
2026-04-30 18:38:57,804 - aqt.updater - INFO - updater 7228 Patching C:\Qt\6.6.3\msvc2019_64\lib\Qt6Qml.prl
2026-04-30 18:38:57,815 - aqt.updater - INFO - updater 7228 Patching C:\Qt\6.6.3\msvc2019_64\lib\Qt6QmlCompiler.prl
2026-04-30 18:38:57,829 - aqt.updater - INFO - updater 7228 Patching C:\Qt\6.6.3\msvc2019_64\lib\Qt6QmlCompilerd.prl
2026-04-30 18:38:57,841 - aqt.updater - INFO - updater 7228 Patching C:\Qt\6.6.3\msvc2019_64\lib\Qt6QmlCore.prl
2026-04-30 18:38:57,851 - aqt.updater - INFO - updater 7228 Patching C:\Qt\6.6.3\msvc2019_64\lib\Qt6QmlCored.prl
2026-04-30 18:38:57,862 - aqt.updater - INFO - updater 7228 Patching C:\Qt\6.6.3\msvc2019_64\lib\Qt6Qmld.prl
2026-04-30 18:38:57,877 - aqt.updater - INFO - updater 7228 Patching C:\Qt\6.6.3\msvc2019_64\lib\Qt6QmlDebug.prl
2026-04-30 18:38:57,889 - aqt.updater - INFO - updater 7228 Patching C:\Qt\6.6.3\msvc2019_64\lib\Qt6QmlDebugd.prl
2026-04-30 18:38:57,901 - aqt.updater - INFO - updater 7228 Patching C:\Qt\6.6.3\msvc2019_64\lib\Qt6QmlDom.prl
2026-04-30 18:38:57,916 - aqt.updater - INFO - updater 7228 Patching C:\Qt\6.6.3\msvc2019_64\lib\Qt6QmlDomd.prl
2026-04-30 18:38:57,931 - aqt.updater - INFO - updater 7228 Patching C:\Qt\6.6.3\msvc2019_64\lib\Qt6QmlLocalStorage.prl
2026-04-30 18:38:57,944 - aqt.updater - INFO - updater 7228 Patching C:\Qt\6.6.3\msvc2019_64\lib\Qt6QmlLocalStoraged.prl
2026-04-30 18:38:57,958 - aqt.updater - INFO - updater 7228 Patching C:\Qt\6.6.3\msvc2019_64\lib\Qt6QmlLS.prl
2026-04-30 18:38:57,973 - aqt.updater - INFO - updater 7228 Patching C:\Qt\6.6.3\msvc2019_64\lib\Qt6QmlLSd.prl
2026-04-30 18:38:57,986 - aqt.updater - INFO - updater 7228 Patching C:\Qt\6.6.3\msvc2019_64\lib\Qt6QmlModels.prl
2026-04-30 18:38:57,998 - aqt.updater - INFO - updater 7228 Patching C:\Qt\6.6.3\msvc2019_64\lib\Qt6QmlModelsd.prl
2026-04-30 18:38:58,010 - aqt.updater - INFO - updater 7228 Patching C:\Qt\6.6.3\msvc2019_64\lib\Qt6QmlToolingSettings.prl
2026-04-30 18:38:58,023 - aqt.updater - INFO - updater 7228 Patching C:\Qt\6.6.3\msvc2019_64\lib\Qt6QmlToolingSettingsd.prl
2026-04-30 18:38:58,035 - aqt.updater - INFO - updater 7228 Patching C:\Qt\6.6.3\msvc2019_64\lib\Qt6QmlTypeRegistrar.prl
2026-04-30 18:38:58,046 - aqt.updater - INFO - updater 7228 Patching C:\Qt\6.6.3\msvc2019_64\lib\Qt6QmlTypeRegistrard.prl
2026-04-30 18:38:58,058 - aqt.updater - INFO - updater 7228 Patching C:\Qt\6.6.3\msvc2019_64\lib\Qt6QmlWorkerScript.prl
2026-04-30 18:38:58,071 - aqt.updater - INFO - updater 7228 Patching C:\Qt\6.6.3\msvc2019_64\lib\Qt6QmlWorkerScriptd.prl
2026-04-30 18:38:58,080 - aqt.updater - INFO - updater 7228 Patching C:\Qt\6.6.3\msvc2019_64\lib\Qt6QmlXmlListModel.prl
2026-04-30 18:38:58,093 - aqt.updater - INFO - updater 7228 Patching C:\Qt\6.6.3\msvc2019_64\lib\Qt6QmlXmlListModeld.prl
2026-04-30 18:38:58,104 - aqt.updater - INFO - updater 7228 Patching C:\Qt\6.6.3\msvc2019_64\lib\Qt6Quick.prl
2026-04-30 18:38:58,115 - aqt.updater - INFO - updater 7228 Patching C:\Qt\6.6.3\msvc2019_64\lib\Qt6Quick3DSpatialAudio.prl
2026-04-30 18:38:58,128 - aqt.updater - INFO - updater 7228 Patching C:\Qt\6.6.3\msvc2019_64\lib\Qt6Quick3DSpatialAudiod.prl
2026-04-30 18:38:58,140 - aqt.updater - INFO - updater 7228 Patching C:\Qt\6.6.3\msvc2019_64\lib\Qt6QuickControls2.prl
2026-04-30 18:38:58,149 - aqt.updater - INFO - updater 7228 Patching C:\Qt\6.6.3\msvc2019_64\lib\Qt6QuickControls2Basic.prl
2026-04-30 18:38:58,162 - aqt.updater - INFO - updater 7228 Patching C:\Qt\6.6.3\msvc2019_64\lib\Qt6QuickControls2Basicd.prl
2026-04-30 18:38:58,171 - aqt.updater - INFO - updater 7228 Patching C:\Qt\6.6.3\msvc2019_64\lib\Qt6QuickControls2BasicStyleImpl.prl
2026-04-30 18:38:58,181 - aqt.updater - INFO - updater 7228 Patching C:\Qt\6.6.3\msvc2019_64\lib\Qt6QuickControls2BasicStyleImpld.prl
2026-04-30 18:38:58,191 - aqt.updater - INFO - updater 7228 Patching C:\Qt\6.6.3\msvc2019_64\lib\Qt6QuickControls2d.prl
2026-04-30 18:38:58,202 - aqt.updater - INFO - updater 7228 Patching C:\Qt\6.6.3\msvc2019_64\lib\Qt6QuickControls2Fusion.prl
2026-04-30 18:38:58,214 - aqt.updater - INFO - updater 7228 Patching C:\Qt\6.6.3\msvc2019_64\lib\Qt6QuickControls2Fusiond.prl
2026-04-30 18:38:58,227 - aqt.updater - INFO - updater 7228 Patching C:\Qt\6.6.3\msvc2019_64\lib\Qt6QuickControls2FusionStyleImpl.prl
2026-04-30 18:38:58,239 - aqt.updater - INFO - updater 7228 Patching C:\Qt\6.6.3\msvc2019_64\lib\Qt6QuickControls2FusionStyleImpld.prl
2026-04-30 18:38:58,249 - aqt.updater - INFO - updater 7228 Patching C:\Qt\6.6.3\msvc2019_64\lib\Qt6QuickControls2Imagine.prl
2026-04-30 18:38:58,261 - aqt.updater - INFO - updater 7228 Patching C:\Qt\6.6.3\msvc2019_64\lib\Qt6QuickControls2Imagined.prl
2026-04-30 18:38:58,270 - aqt.updater - INFO - updater 7228 Patching C:\Qt\6.6.3\msvc2019_64\lib\Qt6QuickControls2ImagineStyleImpl.prl
2026-04-30 18:38:58,282 - aqt.updater - INFO - updater 7228 Patching C:\Qt\6.6.3\msvc2019_64\lib\Qt6QuickControls2ImagineStyleImpld.prl
2026-04-30 18:38:58,295 - aqt.updater - INFO - updater 7228 Patching C:\Qt\6.6.3\msvc2019_64\lib\Qt6QuickControls2Impl.prl
2026-04-30 18:38:58,305 - aqt.updater - INFO - updater 7228 Patching C:\Qt\6.6.3\msvc2019_64\lib\Qt6QuickControls2Impld.prl
2026-04-30 18:38:58,315 - aqt.updater - INFO - updater 7228 Patching C:\Qt\6.6.3\msvc2019_64\lib\Qt6QuickControls2Material.prl
2026-04-30 18:38:58,325 - aqt.updater - INFO - updater 7228 Patching C:\Qt\6.6.3\msvc2019_64\lib\Qt6QuickControls2Materiald.prl
2026-04-30 18:38:58,335 - aqt.updater - INFO - updater 7228 Patching C:\Qt\6.6.3\msvc2019_64\lib\Qt6QuickControls2MaterialStyleImpl.prl
2026-04-30 18:38:58,345 - aqt.updater - INFO - updater 7228 Patching C:\Qt\6.6.3\msvc2019_64\lib\Qt6QuickControls2MaterialStyleImpld.prl
2026-04-30 18:38:58,353 - aqt.updater - INFO - updater 7228 Patching C:\Qt\6.6.3\msvc2019_64\lib\Qt6QuickControls2Universal.prl
2026-04-30 18:38:58,362 - aqt.updater - INFO - updater 7228 Patching C:\Qt\6.6.3\msvc2019_64\lib\Qt6QuickControls2Universald.prl
2026-04-30 18:38:58,370 - aqt.updater - INFO - updater 7228 Patching C:\Qt\6.6.3\msvc2019_64\lib\Qt6QuickControls2UniversalStyleImpl.prl
2026-04-30 18:38:58,381 - aqt.updater - INFO - updater 7228 Patching C:\Qt\6.6.3\msvc2019_64\lib\Qt6QuickControls2UniversalStyleImpld.prl
2026-04-30 18:38:58,389 - aqt.updater - INFO - updater 7228 Patching C:\Qt\6.6.3\msvc2019_64\lib\Qt6QuickControlsTestUtils.prl
2026-04-30 18:38:58,401 - aqt.updater - INFO - updater 7228 Patching C:\Qt\6.6.3\msvc2019_64\lib\Qt6QuickControlsTestUtilsd.prl
2026-04-30 18:38:58,414 - aqt.updater - INFO - updater 7228 Patching C:\Qt\6.6.3\msvc2019_64\lib\Qt6Quickd.prl
2026-04-30 18:38:58,424 - aqt.updater - INFO - updater 7228 Patching C:\Qt\6.6.3\msvc2019_64\lib\Qt6QuickDialogs2.prl
2026-04-30 18:38:58,435 - aqt.updater - INFO - updater 7228 Patching C:\Qt\6.6.3\msvc2019_64\lib\Qt6QuickDialogs2d.prl
2026-04-30 18:38:58,443 - aqt.updater - INFO - updater 7228 Patching C:\Qt\6.6.3\msvc2019_64\lib\Qt6QuickDialogs2QuickImpl.prl
2026-04-30 18:38:58,455 - aqt.updater - INFO - updater 7228 Patching C:\Qt\6.6.3\msvc2019_64\lib\Qt6QuickDialogs2QuickImpld.prl
2026-04-30 18:38:58,465 - aqt.updater - INFO - updater 7228 Patching C:\Qt\6.6.3\msvc2019_64\lib\Qt6QuickDialogs2Utils.prl
2026-04-30 18:38:58,475 - aqt.updater - INFO - updater 7228 Patching C:\Qt\6.6.3\msvc2019_64\lib\Qt6QuickDialogs2Utilsd.prl
2026-04-30 18:38:58,484 - aqt.updater - INFO - updater 7228 Patching C:\Qt\6.6.3\msvc2019_64\lib\Qt6QuickEffects.prl
2026-04-30 18:38:58,494 - aqt.updater - INFO - updater 7228 Patching C:\Qt\6.6.3\msvc2019_64\lib\Qt6QuickEffectsd.prl
2026-04-30 18:38:58,504 - aqt.updater - INFO - updater 7228 Patching C:\Qt\6.6.3\msvc2019_64\lib\Qt6QuickLayouts.prl
2026-04-30 18:38:58,513 - aqt.updater - INFO - updater 7228 Patching C:\Qt\6.6.3\msvc2019_64\lib\Qt6QuickLayoutsd.prl
2026-04-30 18:38:58,523 - aqt.updater - INFO - updater 7228 Patching C:\Qt\6.6.3\msvc2019_64\lib\Qt6QuickParticles.prl
2026-04-30 18:38:58,539 - aqt.updater - INFO - updater 7228 Patching C:\Qt\6.6.3\msvc2019_64\lib\Qt6QuickParticlesd.prl
2026-04-30 18:38:58,548 - aqt.updater - INFO - updater 7228 Patching C:\Qt\6.6.3\msvc2019_64\lib\Qt6QuickShapes.prl
2026-04-30 18:38:58,560 - aqt.updater - INFO - updater 7228 Patching C:\Qt\6.6.3\msvc2019_64\lib\Qt6QuickShapesd.prl
2026-04-30 18:38:58,572 - aqt.updater - INFO - updater 7228 Patching C:\Qt\6.6.3\msvc2019_64\lib\Qt6QuickTemplates2.prl
2026-04-30 18:38:58,581 - aqt.updater - INFO - updater 7228 Patching C:\Qt\6.6.3\msvc2019_64\lib\Qt6QuickTemplates2d.prl
2026-04-30 18:38:58,591 - aqt.updater - INFO - updater 7228 Patching C:\Qt\6.6.3\msvc2019_64\lib\Qt6QuickTest.prl
2026-04-30 18:38:58,601 - aqt.updater - INFO - updater 7228 Patching C:\Qt\6.6.3\msvc2019_64\lib\Qt6QuickTestd.prl
2026-04-30 18:38:58,611 - aqt.updater - INFO - updater 7228 Patching C:\Qt\6.6.3\msvc2019_64\lib\Qt6QuickTestUtils.prl
2026-04-30 18:38:58,623 - aqt.updater - INFO - updater 7228 Patching C:\Qt\6.6.3\msvc2019_64\lib\Qt6QuickTestUtilsd.prl
2026-04-30 18:38:58,634 - aqt.updater - INFO - updater 7228 Patching C:\Qt\6.6.3\msvc2019_64\lib\Qt6QuickWidgets.prl
2026-04-30 18:38:58,642 - aqt.updater - INFO - updater 7228 Patching C:\Qt\6.6.3\msvc2019_64\lib\Qt6QuickWidgetsd.prl
2026-04-30 18:38:58,651 - aqt.updater - INFO - updater 7228 Patching C:\Qt\6.6.3\msvc2019_64\lib\Qt6SpatialAudio.prl
2026-04-30 18:38:58,663 - aqt.updater - INFO - updater 7228 Patching C:\Qt\6.6.3\msvc2019_64\lib\Qt6SpatialAudiod.prl
2026-04-30 18:38:58,673 - aqt.updater - INFO - updater 7228 Patching C:\Qt\6.6.3\msvc2019_64\lib\Qt6Sql.prl
2026-04-30 18:38:58,684 - aqt.updater - INFO - updater 7228 Patching C:\Qt\6.6.3\msvc2019_64\lib\Qt6Sqld.prl
2026-04-30 18:38:58,695 - aqt.updater - INFO - updater 7228 Patching C:\Qt\6.6.3\msvc2019_64\lib\Qt6Svg.prl
2026-04-30 18:38:58,705 - aqt.updater - INFO - updater 7228 Patching C:\Qt\6.6.3\msvc2019_64\lib\Qt6Svgd.prl
2026-04-30 18:38:58,714 - aqt.updater - INFO - updater 7228 Patching C:\Qt\6.6.3\msvc2019_64\lib\Qt6SvgWidgets.prl
2026-04-30 18:38:58,726 - aqt.updater - INFO - updater 7228 Patching C:\Qt\6.6.3\msvc2019_64\lib\Qt6SvgWidgetsd.prl
2026-04-30 18:38:58,737 - aqt.updater - INFO - updater 7228 Patching C:\Qt\6.6.3\msvc2019_64\lib\Qt6Test.prl
2026-04-30 18:38:58,747 - aqt.updater - INFO - updater 7228 Patching C:\Qt\6.6.3\msvc2019_64\lib\Qt6Testd.prl
2026-04-30 18:38:58,758 - aqt.updater - INFO - updater 7228 Patching C:\Qt\6.6.3\msvc2019_64\lib\Qt6UiTools.prl
2026-04-30 18:38:58,768 - aqt.updater - INFO - updater 7228 Patching C:\Qt\6.6.3\msvc2019_64\lib\Qt6UiToolsd.prl
2026-04-30 18:38:58,781 - aqt.updater - INFO - updater 7228 Patching C:\Qt\6.6.3\msvc2019_64\lib\Qt6Widgets.prl
2026-04-30 18:38:58,790 - aqt.updater - INFO - updater 7228 Patching C:\Qt\6.6.3\msvc2019_64\lib\Qt6Widgetsd.prl
2026-04-30 18:38:58,799 - aqt.updater - INFO - updater 7228 Patching C:\Qt\6.6.3\msvc2019_64\lib\Qt6Xml.prl
2026-04-30 18:38:58,807 - aqt.updater - INFO - updater 7228 Patching C:\Qt\6.6.3\msvc2019_64\lib\Qt6Xmld.prl
2026-04-30 18:38:58,818 - aqt.main - INFO - installer 7228 Finished installation
2026-04-30 18:38:58,818 - aqt.main - INFO - installer 7228 Time elapsed: 142.05075460 second
